<?xml version="1.0" encoding="UTF-8"?>
<testng-results ignored="0" total="5" passed="4" failed="1" skipped="0">
  <reporter-output>
  </reporter-output>
  <suite started-at="2025-07-05T15:54:52 IST" name="Suite" finished-at="2025-07-05T15:55:14 IST" duration-ms="21746">
    <groups>
    </groups>
    <test started-at="2025-07-05T15:54:52 IST" name="Test" finished-at="2025-07-05T15:55:14 IST" duration-ms="21746">
      <class name="testCase.TC_003_EntoEnd">
        <test-method is-config="true" signature="setup_suite(java.lang.String)[pri:0, instance:testCase.TC_003_EntoEnd@4550bb58]" started-at="2025-07-05T15:54:51 IST" name="setup_suite" finished-at="2025-07-05T15:54:52 IST" duration-ms="1292" status="PASS">
          <params>
            <param index="0">
              <value>
                <![CDATA[chrome]]>
              </value>
            </param>
          </params>
          <reporter-output>
          </reporter-output>
        </test-method> <!-- setup_suite -->
        <test-method is-config="true" signature="setup_class()[pri:0, instance:testCase.TC_003_EntoEnd@4550bb58]" started-at="2025-07-05T15:54:52 IST" name="setup_class" finished-at="2025-07-05T15:54:54 IST" duration-ms="2104" status="PASS">
          <reporter-output>
          </reporter-output>
        </test-method> <!-- setup_class -->
        <test-method signature="login()[pri:1, instance:testCase.TC_003_EntoEnd@4550bb58]" started-at="2025-07-05T15:54:54 IST" name="login" finished-at="2025-07-05T15:54:54 IST" duration-ms="206" status="FAIL">
          <exception class="java.lang.AssertionError">
            <message>
              <![CDATA[expected [Automation Exercise] but found [Automation Exercise - Signup / Login]]]>
            </message>
            <full-stacktrace>
              <![CDATA[java.lang.AssertionError: expected [Automation Exercise] but found [Automation Exercise - Signup / Login]
at org.testng.Assert.fail(Assert.java:111)
at org.testng.Assert.failNotEquals(Assert.java:1590)
at org.testng.Assert.assertEqualsImpl(Assert.java:150)
at org.testng.Assert.assertEquals(Assert.java:132)
at org.testng.Assert.assertEquals(Assert.java:656)
at org.testng.Assert.assertEquals(Assert.java:666)
at testCase.TC_003_EntoEnd.login(TC_003_EntoEnd.java:26)
at java.base/jdk.internal.reflect.DirectMethodHandleAccessor.invoke(DirectMethodHandleAccessor.java:103)
at java.base/java.lang.reflect.Method.invoke(Method.java:580)
at org.testng.internal.invokers.MethodInvocationHelper.invokeMethod(MethodInvocationHelper.java:141)
at org.testng.internal.invokers.TestInvoker.invokeMethod(TestInvoker.java:687)
at org.testng.internal.invokers.TestInvoker.invokeTestMethod(TestInvoker.java:230)
at org.testng.internal.invokers.MethodRunner.runInSequence(MethodRunner.java:63)
at org.testng.internal.invokers.TestInvoker$MethodInvocationAgent.invoke(TestInvoker.java:995)
at org.testng.internal.invokers.TestInvoker.invokeTestMethods(TestInvoker.java:203)
at org.testng.internal.invokers.TestMethodWorker.invokeTestMethods(TestMethodWorker.java:154)
at org.testng.internal.invokers.TestMethodWorker.run(TestMethodWorker.java:134)
at java.base/java.util.ArrayList.forEach(ArrayList.java:1596)
at org.testng.TestRunner.privateRun(TestRunner.java:741)
at org.testng.TestRunner.run(TestRunner.java:616)
at org.testng.SuiteRunner.runTest(SuiteRunner.java:421)
at org.testng.SuiteRunner.runSequentially(SuiteRunner.java:413)
at org.testng.SuiteRunner.privateRun(SuiteRunner.java:373)
at org.testng.SuiteRunner.run(SuiteRunner.java:312)
at org.testng.SuiteRunnerWorker.runSuite(SuiteRunnerWorker.java:52)
at org.testng.SuiteRunnerWorker.run(SuiteRunnerWorker.java:95)
at org.testng.TestNG.runSuitesSequentially(TestNG.java:1274)
at org.testng.TestNG.runSuitesLocally(TestNG.java:1208)
at org.testng.TestNG.runSuites(TestNG.java:1112)
at org.testng.TestNG.run(TestNG.java:1079)
at org.apache.maven.surefire.testng.TestNGExecutor.run(TestNGExecutor.java:308)
at org.apache.maven.surefire.testng.TestNGXmlTestSuite.execute(TestNGXmlTestSuite.java:71)
at org.apache.maven.surefire.testng.TestNGProvider.invoke(TestNGProvider.java:113)
at org.apache.maven.surefire.booter.ForkedBooter.runSuitesInProcess(ForkedBooter.java:385)
at org.apache.maven.surefire.booter.ForkedBooter.execute(ForkedBooter.java:162)
at org.apache.maven.surefire.booter.ForkedBooter.run(ForkedBooter.java:507)
at org.apache.maven.surefire.booter.ForkedBooter.main(ForkedBooter.java:495)
]]>
            </full-stacktrace>
          </exception> <!-- java.lang.AssertionError -->
          <reporter-output>
          </reporter-output>
        </test-method> <!-- login -->
        <test-method signature="search_product()[pri:2, instance:testCase.TC_003_EntoEnd@4550bb58]" started-at="2025-07-05T15:55:02 IST" name="search_product" finished-at="2025-07-05T15:55:08 IST" duration-ms="6096" status="PASS">
          <reporter-output>
          </reporter-output>
        </test-method> <!-- search_product -->
        <test-method signature="add_to_cart()[pri:3, instance:testCase.TC_003_EntoEnd@4550bb58]" started-at="2025-07-05T15:55:08 IST" name="add_to_cart" finished-at="2025-07-05T15:55:09 IST" depends-on-methods="testCase.TC_003_EntoEnd.search_product" duration-ms="763" status="PASS">
          <reporter-output>
          </reporter-output>
        </test-method> <!-- add_to_cart -->
        <test-method signature="checkout()[pri:4, instance:testCase.TC_003_EntoEnd@4550bb58]" started-at="2025-07-05T15:55:09 IST" name="checkout" finished-at="2025-07-05T15:55:11 IST" duration-ms="1965" status="PASS">
          <reporter-output>
          </reporter-output>
        </test-method> <!-- checkout -->
        <test-method signature="payment()[pri:5, instance:testCase.TC_003_EntoEnd@4550bb58]" started-at="2025-07-05T15:55:11 IST" name="payment" finished-at="2025-07-05T15:55:14 IST" duration-ms="2628" status="PASS">
          <reporter-output>
          </reporter-output>
        </test-method> <!-- payment -->
        <test-method is-config="true" signature="teardown()[pri:0, instance:testCase.TC_003_EntoEnd@4550bb58]" started-at="2025-07-05T15:55:14 IST" name="teardown" finished-at="2025-07-05T15:55:14 IST" duration-ms="256" status="PASS">
          <reporter-output>
          </reporter-output>
        </test-method> <!-- teardown -->
      </class> <!-- testCase.TC_003_EntoEnd -->
    </test> <!-- Test -->
  </suite> <!-- Suite -->
</testng-results>
